Compiling the C compiler identification source file "CMakeCCompilerId.c" failed.
Compiler:  
Build flags: 
Id flags:  

The output was:
1
MSBuild version 17.5.0+6f08c67f3 for .NET Framework
Build started 7/10/2024 10:21:23 pm.
Included response file: C:\Program Files\Microsoft Visual Studio\2022\Community\MSBuild\Current\Bin\amd64\MSBuild.rsp

Project "H:\cosc345\commandLine\C++\build\CMakeFiles\3.24.0-rc2\CompilerIdC\CompilerIdC.vcxproj" on node 1 (default targets).
PrepareForBuild:
  Creating directory "Debug\".
  Creating directory "Debug\CompilerIdC.tlog\".
InitializeBuildStatus:
  Creating "Debug\CompilerIdC.tlog\unsuccessfulbuild" because "AlwaysCreate" was specified.
ClCompile:
  C:\Program Files\Microsoft Visual Studio\2022\Community\VC\Tools\MSVC\14.35.32215\bin\HostX64\x64\CL.exe /c /nologo /W0 /WX- /diagnostics:column /Od /D _MBCS /Gm- /EHsc /RTC1 /MDd /GS /fp:precise /Zc:wchar_t /Zc:forScope /Zc:inline /Fo"Debug\\" /Fd"Debug\vc143.pdb" /external:W0 /Gd /TC /FC /errorReport:queue CMakeCCompilerId.c
  CMakeCCompilerId.c
Link:
  C:\Program Files\Microsoft Visual Studio\2022\Community\VC\Tools\MSVC\14.35.32215\bin\HostX64\x64\link.exe /ERRORREPORT:QUEUE /OUT:".\CompilerIdC.exe" /INCREMENTAL:NO /NOLOGO kernel32.lib user32.lib gdi32.lib winspool.lib comdlg32.lib advapi32.lib shell32.lib ole32.lib oleaut32.lib uuid.lib odbc32.lib odbccp32.lib /MANIFEST /MANIFESTUAC:"level='asInvoker' uiAccess='false'" /manifest:embed /PDB:".\CompilerIdC.pdb" /SUBSYSTEM:CONSOLE /TLBID:1 /DYNAMICBASE /NXCOMPAT /IMPLIB:".\CompilerIdC.lib" /MACHINE:X64 Debug\CMakeCCompilerId.obj
C:\Program Files\Microsoft Visual Studio\2022\Community\MSBuild\Microsoft\VC\v170\Microsoft.CppCommon.targets(1096,5): error MSB6003: The specified task executable "link.exe" could not be run. System.IO.IOException: The process cannot access the file 'H:\cosc345\commandLine\C++\build\CMakeFiles\3.24.0-rc2\CompilerIdC\Debug\CompilerIdC.tlog\link-cvtres.write.1.tlog' because it is being used by another process. [H:\cosc345\commandLine\C++\build\CMakeFiles\3.24.0-rc2\CompilerIdC\CompilerIdC.vcxproj]
C:\Program Files\Microsoft Visual Studio\2022\Community\MSBuild\Microsoft\VC\v170\Microsoft.CppCommon.targets(1096,5): error MSB6003:    at System.IO.__Error.WinIOError(Int32 errorCode, String maybeFullPath) [H:\cosc345\commandLine\C++\build\CMakeFiles\3.24.0-rc2\CompilerIdC\CompilerIdC.vcxproj]
C:\Program Files\Microsoft Visual Studio\2022\Community\MSBuild\Microsoft\VC\v170\Microsoft.CppCommon.targets(1096,5): error MSB6003:    at System.IO.FileStream.Init(String path, FileMode mode, FileAccess access, Int32 rights, Boolean useRights, FileShare share, Int32 bufferSize, FileOptions options, SECURITY_ATTRIBUTES secAttrs, String msgPath, Boolean bFromProxy, Boolean useLongPath, Boolean checkHost) [H:\cosc345\commandLine\C++\build\CMakeFiles\3.24.0-rc2\CompilerIdC\CompilerIdC.vcxproj]
C:\Program Files\Microsoft Visual Studio\2022\Community\MSBuild\Microsoft\VC\v170\Microsoft.CppCommon.targets(1096,5): error MSB6003:    at System.IO.FileStream..ctor(String path, FileMode mode, FileAccess access, FileShare share, Int32 bufferSize, FileOptions options, String msgPath, Boolean bFromProxy, Boolean useLongPath, Boolean checkHost) [H:\cosc345\commandLine\C++\build\CMakeFiles\3.24.0-rc2\CompilerIdC\CompilerIdC.vcxproj]
C:\Program Files\Microsoft Visual Studio\2022\Community\MSBuild\Microsoft\VC\v170\Microsoft.CppCommon.targets(1096,5): error MSB6003:    at System.IO.StreamWriter.CreateFile(String path, Boolean append, Boolean checkHost) [H:\cosc345\commandLine\C++\build\CMakeFiles\3.24.0-rc2\CompilerIdC\CompilerIdC.vcxproj]
C:\Program Files\Microsoft Visual Studio\2022\Community\MSBuild\Microsoft\VC\v170\Microsoft.CppCommon.targets(1096,5): error MSB6003:    at System.IO.StreamWriter..ctor(String path, Boolean append, Encoding encoding, Int32 bufferSize, Boolean checkHost) [H:\cosc345\commandLine\C++\build\CMakeFiles\3.24.0-rc2\CompilerIdC\CompilerIdC.vcxproj]
C:\Program Files\Microsoft Visual Studio\2022\Community\MSBuild\Microsoft\VC\v170\Microsoft.CppCommon.targets(1096,5): error MSB6003:    at System.IO.File.InternalWriteAllText(String path, String contents, Encoding encoding, Boolean checkHost) [H:\cosc345\commandLine\C++\build\CMakeFiles\3.24.0-rc2\CompilerIdC\CompilerIdC.vcxproj]
C:\Program Files\Microsoft Visual Studio\2022\Community\MSBuild\Microsoft\VC\v170\Microsoft.CppCommon.targets(1096,5): error MSB6003:    at Microsoft.Build.Utilities.CanonicalTrackedOutputFiles.SaveTlog(DependencyFilter includeInTLog) [H:\cosc345\commandLine\C++\build\CMakeFiles\3.24.0-rc2\CompilerIdC\CompilerIdC.vcxproj]
C:\Program Files\Microsoft Visual Studio\2022\Community\MSBuild\Microsoft\VC\v170\Microsoft.CppCommon.targets(1096,5): error MSB6003:    at Microsoft.Build.CPPTasks.TrackedVCToolTask.PostExecuteTool(Int32 exitCode) [H:\cosc345\commandLine\C++\build\CMakeFiles\3.24.0-rc2\CompilerIdC\CompilerIdC.vcxproj]
C:\Program Files\Microsoft Visual Studio\2022\Community\MSBuild\Microsoft\VC\v170\Microsoft.CppCommon.targets(1096,5): error MSB6003:    at Microsoft.Build.CPPTasks.TrackedVCToolTask.ExecuteTool(String pathToTool, String responseFileCommands, String commandLineCommands) [H:\cosc345\commandLine\C++\build\CMakeFiles\3.24.0-rc2\CompilerIdC\CompilerIdC.vcxproj]
C:\Program Files\Microsoft Visual Studio\2022\Community\MSBuild\Microsoft\VC\v170\Microsoft.CppCommon.targets(1096,5): error MSB6003:    at Microsoft.Build.Utilities.ToolTask.Execute() [H:\cosc345\commandLine\C++\build\CMakeFiles\3.24.0-rc2\CompilerIdC\CompilerIdC.vcxproj]
Done Building Project "H:\cosc345\commandLine\C++\build\CMakeFiles\3.24.0-rc2\CompilerIdC\CompilerIdC.vcxproj" (default targets) -- FAILED.

Build FAILED.

"H:\cosc345\commandLine\C++\build\CMakeFiles\3.24.0-rc2\CompilerIdC\CompilerIdC.vcxproj" (default target) (1) ->
(Link target) -> 
  C:\Program Files\Microsoft Visual Studio\2022\Community\MSBuild\Microsoft\VC\v170\Microsoft.CppCommon.targets(1096,5): error MSB6003: The specified task executable "link.exe" could not be run. System.IO.IOException: The process cannot access the file 'H:\cosc345\commandLine\C++\build\CMakeFiles\3.24.0-rc2\CompilerIdC\Debug\CompilerIdC.tlog\link-cvtres.write.1.tlog' because it is being used by another process. [H:\cosc345\commandLine\C++\build\CMakeFiles\3.24.0-rc2\CompilerIdC\CompilerIdC.vcxproj]
C:\Program Files\Microsoft Visual Studio\2022\Community\MSBuild\Microsoft\VC\v170\Microsoft.CppCommon.targets(1096,5): error MSB6003:    at System.IO.__Error.WinIOError(Int32 errorCode, String maybeFullPath) [H:\cosc345\commandLine\C++\build\CMakeFiles\3.24.0-rc2\CompilerIdC\CompilerIdC.vcxproj]
C:\Program Files\Microsoft Visual Studio\2022\Community\MSBuild\Microsoft\VC\v170\Microsoft.CppCommon.targets(1096,5): error MSB6003:    at System.IO.FileStream.Init(String path, FileMode mode, FileAccess access, Int32 rights, Boolean useRights, FileShare share, Int32 bufferSize, FileOptions options, SECURITY_ATTRIBUTES secAttrs, String msgPath, Boolean bFromProxy, Boolean useLongPath, Boolean checkHost) [H:\cosc345\commandLine\C++\build\CMakeFiles\3.24.0-rc2\CompilerIdC\CompilerIdC.vcxproj]
C:\Program Files\Microsoft Visual Studio\2022\Community\MSBuild\Microsoft\VC\v170\Microsoft.CppCommon.targets(1096,5): error MSB6003:    at System.IO.FileStream..ctor(String path, FileMode mode, FileAccess access, FileShare share, Int32 bufferSize, FileOptions options, String msgPath, Boolean bFromProxy, Boolean useLongPath, Boolean checkHost) [H:\cosc345\commandLine\C++\build\CMakeFiles\3.24.0-rc2\CompilerIdC\CompilerIdC.vcxproj]
C:\Program Files\Microsoft Visual Studio\2022\Community\MSBuild\Microsoft\VC\v170\Microsoft.CppCommon.targets(1096,5): error MSB6003:    at System.IO.StreamWriter.CreateFile(String path, Boolean append, Boolean checkHost) [H:\cosc345\commandLine\C++\build\CMakeFiles\3.24.0-rc2\CompilerIdC\CompilerIdC.vcxproj]
C:\Program Files\Microsoft Visual Studio\2022\Community\MSBuild\Microsoft\VC\v170\Microsoft.CppCommon.targets(1096,5): error MSB6003:    at System.IO.StreamWriter..ctor(String path, Boolean append, Encoding encoding, Int32 bufferSize, Boolean checkHost) [H:\cosc345\commandLine\C++\build\CMakeFiles\3.24.0-rc2\CompilerIdC\CompilerIdC.vcxproj]
C:\Program Files\Microsoft Visual Studio\2022\Community\MSBuild\Microsoft\VC\v170\Microsoft.CppCommon.targets(1096,5): error MSB6003:    at System.IO.File.InternalWriteAllText(String path, String contents, Encoding encoding, Boolean checkHost) [H:\cosc345\commandLine\C++\build\CMakeFiles\3.24.0-rc2\CompilerIdC\CompilerIdC.vcxproj]
C:\Program Files\Microsoft Visual Studio\2022\Community\MSBuild\Microsoft\VC\v170\Microsoft.CppCommon.targets(1096,5): error MSB6003:    at Microsoft.Build.Utilities.CanonicalTrackedOutputFiles.SaveTlog(DependencyFilter includeInTLog) [H:\cosc345\commandLine\C++\build\CMakeFiles\3.24.0-rc2\CompilerIdC\CompilerIdC.vcxproj]
C:\Program Files\Microsoft Visual Studio\2022\Community\MSBuild\Microsoft\VC\v170\Microsoft.CppCommon.targets(1096,5): error MSB6003:    at Microsoft.Build.CPPTasks.TrackedVCToolTask.PostExecuteTool(Int32 exitCode) [H:\cosc345\commandLine\C++\build\CMakeFiles\3.24.0-rc2\CompilerIdC\CompilerIdC.vcxproj]
C:\Program Files\Microsoft Visual Studio\2022\Community\MSBuild\Microsoft\VC\v170\Microsoft.CppCommon.targets(1096,5): error MSB6003:    at Microsoft.Build.CPPTasks.TrackedVCToolTask.ExecuteTool(String pathToTool, String responseFileCommands, String commandLineCommands) [H:\cosc345\commandLine\C++\build\CMakeFiles\3.24.0-rc2\CompilerIdC\CompilerIdC.vcxproj]
C:\Program Files\Microsoft Visual Studio\2022\Community\MSBuild\Microsoft\VC\v170\Microsoft.CppCommon.targets(1096,5): error MSB6003:    at Microsoft.Build.Utilities.ToolTask.Execute() [H:\cosc345\commandLine\C++\build\CMakeFiles\3.24.0-rc2\CompilerIdC\CompilerIdC.vcxproj]

    0 Warning(s)
    1 Error(s)

Time Elapsed 00:00:00.59


